  main.cpp
D:\Universidad\2023-0\AyEdD\Parcial\trivago\trivago\Recursos.h(94,12): warning C4996: 'getch': The POSIX name for this item is deprecated. Instead, use the ISO C and C++ conformant name: _getch. See online help for details.
D:\Universidad\2023-0\AyEdD\Parcial\trivago\trivago\Recursos.h(145,7): warning C4996: 'kbhit': The POSIX name for this item is deprecated. Instead, use the ISO C and C++ conformant name: _kbhit. See online help for details.
D:\Universidad\2023-0\AyEdD\Parcial\trivago\trivago\Comentarios.h(32,3): warning C4996: '_sleep': This function or variable has been superceded by newer library or operating system functionality. Consider using Sleep instead. See online help for details.
D:\Universidad\2023-0\AyEdD\Parcial\trivago\trivago\Comentarios.h(140,2): warning C4996: 'getch': The POSIX name for this item is deprecated. Instead, use the ISO C and C++ conformant name: _getch. See online help for details.
D:\Universidad\2023-0\AyEdD\Parcial\trivago\trivago\Usuario.h(39,39): warning C4552: '+': result of expression not used
D:\Universidad\2023-0\AyEdD\Parcial\trivago\trivago\Usuario.h(49,39): warning C4552: '+': result of expression not used
D:\Universidad\2023-0\AyEdD\Parcial\trivago\trivago\Usuario.h(74,3): warning C4996: '_sleep': This function or variable has been superceded by newer library or operating system functionality. Consider using Sleep instead. See online help for details.
D:\Universidad\2023-0\AyEdD\Parcial\trivago\trivago\Usuario.h(86,35): warning C4552: '+': result of expression not used
D:\Universidad\2023-0\AyEdD\Parcial\trivago\trivago\main.cpp(67,4): warning C4996: '_sleep': This function or variable has been superceded by newer library or operating system functionality. Consider using Sleep instead. See online help for details.
D:\Universidad\2023-0\AyEdD\Parcial\trivago\trivago\main.cpp(125,5): warning C4996: '_sleep': This function or variable has been superceded by newer library or operating system functionality. Consider using Sleep instead. See online help for details.
D:\Universidad\2023-0\AyEdD\Parcial\trivago\trivago\main.cpp(127,5): warning C4996: '_sleep': This function or variable has been superceded by newer library or operating system functionality. Consider using Sleep instead. See online help for details.
D:\Universidad\2023-0\AyEdD\Parcial\trivago\trivago\main.cpp(135,5): warning C4996: '_sleep': This function or variable has been superceded by newer library or operating system functionality. Consider using Sleep instead. See online help for details.
D:\Universidad\2023-0\AyEdD\Parcial\trivago\trivago\main.cpp(191,4): warning C4996: '_sleep': This function or variable has been superceded by newer library or operating system functionality. Consider using Sleep instead. See online help for details.
D:\Universidad\2023-0\AyEdD\Parcial\trivago\trivago\main.cpp(271,4): warning C4996: '_sleep': This function or variable has been superceded by newer library or operating system functionality. Consider using Sleep instead. See online help for details.
D:\Universidad\2023-0\AyEdD\Parcial\trivago\trivago\main.cpp(345,7): warning C4996: 'kbhit': The POSIX name for this item is deprecated. Instead, use the ISO C and C++ conformant name: _kbhit. See online help for details.
D:\Universidad\2023-0\AyEdD\Parcial\trivago\trivago\main.cpp(472,7): warning C4996: 'kbhit': The POSIX name for this item is deprecated. Instead, use the ISO C and C++ conformant name: _kbhit. See online help for details.
D:\Universidad\2023-0\AyEdD\Parcial\trivago\trivago\main.cpp(475,12): warning C4996: 'getch': The POSIX name for this item is deprecated. Instead, use the ISO C and C++ conformant name: _getch. See online help for details.
D:\Universidad\2023-0\AyEdD\Parcial\trivago\trivago\Fecha.h(117): warning C4715: 'Date::dateIsReal': not all control paths return a value
D:\Universidad\2023-0\AyEdD\Parcial\trivago\trivago\Hotel.h(147): warning C4715: 'Catalogo::modificar': not all control paths return a value
D:\Universidad\2023-0\AyEdD\Parcial\trivago\trivago\Recursos.h(127): warning C4715: 'generarID': not all control paths return a value
D:\Universidad\2023-0\AyEdD\Parcial\trivago\trivago\Hotel.h(136): warning C4715: '<lambda_8e9d37eabcf8c13bdd2d6b77f0ed469f>::operator()': not all control paths return a value
  main.obj : MSIL module encountered; incremental linking is disabled for MSIL; performing full link
  trivago.vcxproj -> D:\Universidad\2023-0\AyEdD\Parcial\trivago\x64\Debug\trivago.exe
